<?xml version="1.0" encoding="UTF-8"?>
<!-- Generated by org.testng.reporters.JUnitXMLReporter -->
<testsuite ignored="0" hostname="DESKTOP-MU88Q9H" failures="0" tests="2" name="Surefire test" time="19.806" errors="0" timestamp="2026-03-26T22:28:14 CDT">
  <testcase classname="io.cucumber.testng.AbstractTestNGCucumberTests" name="runScenario" time="13.118"/>
  <testcase classname="io.cucumber.testng.AbstractTestNGCucumberTests" name="runScenario" time="5.527"/>
</testsuite> <!-- Surefire test -->
